<?xml version="1.0" encoding="UTF-8"?>
<!-- Generated by org.testng.reporters.JUnitXMLReporter -->
<testsuite hostname="DESKTOP-M3J39LL" name="Test" tests="3" failures="0" timestamp="24 Nov 2018 09:39:18 GMT" time="34.314" errors="0">
  <testcase name="testaff_login" time="4.756" classname="tests.aff_login"/>
  <testcase name="testaff_register" time="10.313" classname="tests.aff_register"/>
  <testcase name="testaff_forgot_password" time="10.736" classname="tests.aff_forgot_password"/>
</testsuite> <!-- Test -->
