<?xml version="1.0" encoding="UTF-8"?>
<testng-results skipped="0" failed="0" ignored="0" total="1" passed="1">
  <reporter-output>
  </reporter-output>
  <suite name="Default suite" duration-ms="9648" started-at="2018-11-26T11:55:09Z" finished-at="2018-11-26T11:55:19Z">
    <groups>
    </groups>
    <test name="Default test" duration-ms="9648" started-at="2018-11-26T11:55:09Z" finished-at="2018-11-26T11:55:19Z">
      <class name="tests.aff_login">
        <test-method status="PASS" signature="setUp()[pri:0, instance:tests.aff_login@2bbf4b8b]" name="setUp" is-config="true" duration-ms="3462" started-at="2018-11-26T11:55:09Z" finished-at="2018-11-26T11:55:13Z">
          <reporter-output>
          </reporter-output>
        </test-method> <!-- setUp -->
        <test-method status="PASS" signature="testaff_login()[pri:0, instance:tests.aff_login@2bbf4b8b]" name="testaff_login" duration-ms="5461" started-at="2018-11-26T11:55:13Z" finished-at="2018-11-26T11:55:18Z">
          <reporter-output>
          </reporter-output>
        </test-method> <!-- testaff_login -->
        <test-method status="PASS" signature="tearDown()[pri:0, instance:tests.aff_login@2bbf4b8b]" name="tearDown" is-config="true" duration-ms="701" started-at="2018-11-26T11:55:18Z" finished-at="2018-11-26T11:55:19Z">
          <reporter-output>
          </reporter-output>
        </test-method> <!-- tearDown -->
      </class> <!-- tests.aff_login -->
    </test> <!-- Default test -->
  </suite> <!-- Default suite -->
</testng-results>
